\BOOKMARK [0][-]{chapter.1}{\376\377\000C\000l\000a\000s\000s\000\040\000I\000n\000d\000e\000x}{}
\BOOKMARK [1][-]{section.1.1}{\376\377\000C\000l\000a\000s\000s\000\040\000H\000i\000e\000r\000a\000r\000c\000h\000y}{chapter.1}
\BOOKMARK [0][-]{chapter.2}{\376\377\000C\000l\000a\000s\000s\000\040\000I\000n\000d\000e\000x}{}
\BOOKMARK [1][-]{section.2.1}{\376\377\000C\000l\000a\000s\000s\000\040\000L\000i\000s\000t}{chapter.2}
\BOOKMARK [0][-]{chapter.3}{\376\377\000C\000l\000a\000s\000s\000\040\000D\000o\000c\000u\000m\000e\000n\000t\000a\000t\000i\000o\000n}{}
\BOOKMARK [1][-]{section.3.1}{\376\377\000A\000t\000C\000o\000m\000m\000a\000n\000d\000R\000e\000q\000u\000e\000s\000t\000\040\000C\000l\000a\000s\000s\000\040\000R\000e\000f\000e\000r\000e\000n\000c\000e}{chapter.3}
\BOOKMARK [2][-]{subsection.3.1.1}{\376\377\000D\000e\000t\000a\000i\000l\000e\000d\000\040\000D\000e\000s\000c\000r\000i\000p\000t\000i\000o\000n}{section.3.1}
\BOOKMARK [2][-]{subsection.3.1.2}{\376\377\000M\000e\000m\000b\000e\000r\000\040\000F\000u\000n\000c\000t\000i\000o\000n\000\040\000D\000o\000c\000u\000m\000e\000n\000t\000a\000t\000i\000o\000n}{section.3.1}
\BOOKMARK [3][-]{subsubsection.3.1.2.1}{\376\377\000c\000l\000e\000a\000r\000C\000o\000m\000m\000a\000n\000d\000V\000a\000l\000u\000e}{subsection.3.1.2}
\BOOKMARK [3][-]{subsubsection.3.1.2.2}{\376\377\000g\000e\000t\000F\000r\000a\000m\000e\000D\000a\000t\000a}{subsection.3.1.2}
\BOOKMARK [3][-]{subsubsection.3.1.2.3}{\376\377\000g\000e\000t\000F\000r\000a\000m\000e\000D\000a\000t\000a\000L\000e\000n\000g\000t\000h}{subsection.3.1.2}
\BOOKMARK [1][-]{section.3.2}{\376\377\000A\000t\000C\000o\000m\000m\000a\000n\000d\000R\000e\000s\000p\000o\000n\000s\000e\000\040\000C\000l\000a\000s\000s\000\040\000R\000e\000f\000e\000r\000e\000n\000c\000e}{chapter.3}
\BOOKMARK [2][-]{subsection.3.2.1}{\376\377\000D\000e\000t\000a\000i\000l\000e\000d\000\040\000D\000e\000s\000c\000r\000i\000p\000t\000i\000o\000n}{section.3.2}
\BOOKMARK [2][-]{subsection.3.2.2}{\376\377\000M\000e\000m\000b\000e\000r\000\040\000F\000u\000n\000c\000t\000i\000o\000n\000\040\000D\000o\000c\000u\000m\000e\000n\000t\000a\000t\000i\000o\000n}{section.3.2}
\BOOKMARK [3][-]{subsubsection.3.2.2.1}{\376\377\000g\000e\000t\000C\000o\000m\000m\000a\000n\000d}{subsection.3.2.2}
\BOOKMARK [3][-]{subsubsection.3.2.2.2}{\376\377\000g\000e\000t\000S\000t\000a\000t\000u\000s}{subsection.3.2.2}
\BOOKMARK [3][-]{subsubsection.3.2.2.3}{\376\377\000g\000e\000t\000V\000a\000l\000u\000e}{subsection.3.2.2}
\BOOKMARK [3][-]{subsubsection.3.2.2.4}{\376\377\000g\000e\000t\000V\000a\000l\000u\000e\000L\000e\000n\000g\000t\000h}{subsection.3.2.2}
\BOOKMARK [3][-]{subsubsection.3.2.2.5}{\376\377\000i\000s\000O\000k}{subsection.3.2.2}
\BOOKMARK [1][-]{section.3.3}{\376\377\000F\000r\000a\000m\000e\000I\000d\000R\000e\000s\000p\000o\000n\000s\000e\000\040\000C\000l\000a\000s\000s\000\040\000R\000e\000f\000e\000r\000e\000n\000c\000e}{chapter.3}
\BOOKMARK [2][-]{subsection.3.3.1}{\376\377\000D\000e\000t\000a\000i\000l\000e\000d\000\040\000D\000e\000s\000c\000r\000i\000p\000t\000i\000o\000n}{section.3.3}
\BOOKMARK [1][-]{section.3.4}{\376\377\000M\000o\000d\000e\000m\000S\000t\000a\000t\000u\000s\000R\000e\000s\000p\000o\000n\000s\000e\000\040\000C\000l\000a\000s\000s\000\040\000R\000e\000f\000e\000r\000e\000n\000c\000e}{chapter.3}
\BOOKMARK [2][-]{subsection.3.4.1}{\376\377\000D\000e\000t\000a\000i\000l\000e\000d\000\040\000D\000e\000s\000c\000r\000i\000p\000t\000i\000o\000n}{section.3.4}
\BOOKMARK [1][-]{section.3.5}{\376\377\000P\000a\000y\000l\000o\000a\000d\000R\000e\000q\000u\000e\000s\000t\000\040\000C\000l\000a\000s\000s\000\040\000R\000e\000f\000e\000r\000e\000n\000c\000e}{chapter.3}
\BOOKMARK [2][-]{subsection.3.5.1}{\376\377\000D\000e\000t\000a\000i\000l\000e\000d\000\040\000D\000e\000s\000c\000r\000i\000p\000t\000i\000o\000n}{section.3.5}
\BOOKMARK [2][-]{subsection.3.5.2}{\376\377\000M\000e\000m\000b\000e\000r\000\040\000F\000u\000n\000c\000t\000i\000o\000n\000\040\000D\000o\000c\000u\000m\000e\000n\000t\000a\000t\000i\000o\000n}{section.3.5}
\BOOKMARK [3][-]{subsubsection.3.5.2.1}{\376\377\000g\000e\000t\000P\000a\000y\000l\000o\000a\000d}{subsection.3.5.2}
\BOOKMARK [3][-]{subsubsection.3.5.2.2}{\376\377\000g\000e\000t\000P\000a\000y\000l\000o\000a\000d\000L\000e\000n\000g\000t\000h}{subsection.3.5.2}
\BOOKMARK [3][-]{subsubsection.3.5.2.3}{\376\377\000s\000e\000t\000P\000a\000y\000l\000o\000a\000d}{subsection.3.5.2}
\BOOKMARK [3][-]{subsubsection.3.5.2.4}{\376\377\000s\000e\000t\000P\000a\000y\000l\000o\000a\000d\000L\000e\000n\000g\000t\000h}{subsection.3.5.2}
\BOOKMARK [1][-]{section.3.6}{\376\377\000R\000e\000m\000o\000t\000e\000A\000t\000C\000o\000m\000m\000a\000n\000d\000R\000e\000q\000u\000e\000s\000t\000\040\000C\000l\000a\000s\000s\000\040\000R\000e\000f\000e\000r\000e\000n\000c\000e}{chapter.3}
\BOOKMARK [2][-]{subsection.3.6.1}{\376\377\000D\000e\000t\000a\000i\000l\000e\000d\000\040\000D\000e\000s\000c\000r\000i\000p\000t\000i\000o\000n}{section.3.6}
\BOOKMARK [2][-]{subsection.3.6.2}{\376\377\000C\000o\000n\000s\000t\000r\000u\000c\000t\000o\000r\000\040\000\046\000\040\000D\000e\000s\000t\000r\000u\000c\000t\000o\000r\000\040\000D\000o\000c\000u\000m\000e\000n\000t\000a\000t\000i\000o\000n}{section.3.6}
\BOOKMARK [3][-]{subsubsection.3.6.2.1}{\376\377\000R\000e\000m\000o\000t\000e\000A\000t\000C\000o\000m\000m\000a\000n\000d\000R\000e\000q\000u\000e\000s\000t}{subsection.3.6.2}
\BOOKMARK [3][-]{subsubsection.3.6.2.2}{\376\377\000R\000e\000m\000o\000t\000e\000A\000t\000C\000o\000m\000m\000a\000n\000d\000R\000e\000q\000u\000e\000s\000t}{subsection.3.6.2}
\BOOKMARK [3][-]{subsubsection.3.6.2.3}{\376\377\000R\000e\000m\000o\000t\000e\000A\000t\000C\000o\000m\000m\000a\000n\000d\000R\000e\000q\000u\000e\000s\000t}{subsection.3.6.2}
\BOOKMARK [3][-]{subsubsection.3.6.2.4}{\376\377\000R\000e\000m\000o\000t\000e\000A\000t\000C\000o\000m\000m\000a\000n\000d\000R\000e\000q\000u\000e\000s\000t}{subsection.3.6.2}
\BOOKMARK [2][-]{subsection.3.6.3}{\376\377\000M\000e\000m\000b\000e\000r\000\040\000F\000u\000n\000c\000t\000i\000o\000n\000\040\000D\000o\000c\000u\000m\000e\000n\000t\000a\000t\000i\000o\000n}{section.3.6}
\BOOKMARK [3][-]{subsubsection.3.6.3.1}{\376\377\000g\000e\000t\000F\000r\000a\000m\000e\000D\000a\000t\000a}{subsection.3.6.3}
\BOOKMARK [3][-]{subsubsection.3.6.3.2}{\376\377\000g\000e\000t\000F\000r\000a\000m\000e\000D\000a\000t\000a\000L\000e\000n\000g\000t\000h}{subsection.3.6.3}
\BOOKMARK [1][-]{section.3.7}{\376\377\000R\000e\000m\000o\000t\000e\000A\000t\000C\000o\000m\000m\000a\000n\000d\000R\000e\000s\000p\000o\000n\000s\000e\000\040\000C\000l\000a\000s\000s\000\040\000R\000e\000f\000e\000r\000e\000n\000c\000e}{chapter.3}
\BOOKMARK [2][-]{subsection.3.7.1}{\376\377\000D\000e\000t\000a\000i\000l\000e\000d\000\040\000D\000e\000s\000c\000r\000i\000p\000t\000i\000o\000n}{section.3.7}
\BOOKMARK [2][-]{subsection.3.7.2}{\376\377\000M\000e\000m\000b\000e\000r\000\040\000F\000u\000n\000c\000t\000i\000o\000n\000\040\000D\000o\000c\000u\000m\000e\000n\000t\000a\000t\000i\000o\000n}{section.3.7}
\BOOKMARK [3][-]{subsubsection.3.7.2.1}{\376\377\000g\000e\000t\000C\000o\000m\000m\000a\000n\000d}{subsection.3.7.2}
\BOOKMARK [3][-]{subsubsection.3.7.2.2}{\376\377\000g\000e\000t\000R\000e\000m\000o\000t\000e\000A\000d\000d\000r\000e\000s\000s\0001\0006}{subsection.3.7.2}
\BOOKMARK [3][-]{subsubsection.3.7.2.3}{\376\377\000g\000e\000t\000R\000e\000m\000o\000t\000e\000A\000d\000d\000r\000e\000s\000s\0006\0004}{subsection.3.7.2}
\BOOKMARK [3][-]{subsubsection.3.7.2.4}{\376\377\000g\000e\000t\000S\000t\000a\000t\000u\000s}{subsection.3.7.2}
\BOOKMARK [3][-]{subsubsection.3.7.2.5}{\376\377\000g\000e\000t\000V\000a\000l\000u\000e}{subsection.3.7.2}
\BOOKMARK [3][-]{subsubsection.3.7.2.6}{\376\377\000g\000e\000t\000V\000a\000l\000u\000e\000L\000e\000n\000g\000t\000h}{subsection.3.7.2}
\BOOKMARK [3][-]{subsubsection.3.7.2.7}{\376\377\000i\000s\000O\000k}{subsection.3.7.2}
\BOOKMARK [1][-]{section.3.8}{\376\377\000R\000x\0001\0006\000I\000o\000S\000a\000m\000p\000l\000e\000R\000e\000s\000p\000o\000n\000s\000e\000\040\000C\000l\000a\000s\000s\000\040\000R\000e\000f\000e\000r\000e\000n\000c\000e}{chapter.3}
\BOOKMARK [1][-]{section.3.9}{\376\377\000R\000x\0001\0006\000R\000e\000s\000p\000o\000n\000s\000e\000\040\000C\000l\000a\000s\000s\000\040\000R\000e\000f\000e\000r\000e\000n\000c\000e}{chapter.3}
\BOOKMARK [2][-]{subsection.3.9.1}{\376\377\000D\000e\000t\000a\000i\000l\000e\000d\000\040\000D\000e\000s\000c\000r\000i\000p\000t\000i\000o\000n}{section.3.9}
\BOOKMARK [1][-]{section.3.10}{\376\377\000R\000x\0006\0004\000I\000o\000S\000a\000m\000p\000l\000e\000R\000e\000s\000p\000o\000n\000s\000e\000\040\000C\000l\000a\000s\000s\000\040\000R\000e\000f\000e\000r\000e\000n\000c\000e}{chapter.3}
\BOOKMARK [1][-]{section.3.11}{\376\377\000R\000x\0006\0004\000R\000e\000s\000p\000o\000n\000s\000e\000\040\000C\000l\000a\000s\000s\000\040\000R\000e\000f\000e\000r\000e\000n\000c\000e}{chapter.3}
\BOOKMARK [2][-]{subsection.3.11.1}{\376\377\000D\000e\000t\000a\000i\000l\000e\000d\000\040\000D\000e\000s\000c\000r\000i\000p\000t\000i\000o\000n}{section.3.11}
\BOOKMARK [1][-]{section.3.12}{\376\377\000R\000x\000D\000a\000t\000a\000R\000e\000s\000p\000o\000n\000s\000e\000\040\000C\000l\000a\000s\000s\000\040\000R\000e\000f\000e\000r\000e\000n\000c\000e}{chapter.3}
\BOOKMARK [2][-]{subsection.3.12.1}{\376\377\000D\000e\000t\000a\000i\000l\000e\000d\000\040\000D\000e\000s\000c\000r\000i\000p\000t\000i\000o\000n}{section.3.12}
\BOOKMARK [2][-]{subsection.3.12.2}{\376\377\000M\000e\000m\000b\000e\000r\000\040\000F\000u\000n\000c\000t\000i\000o\000n\000\040\000D\000o\000c\000u\000m\000e\000n\000t\000a\000t\000i\000o\000n}{section.3.12}
\BOOKMARK [3][-]{subsubsection.3.12.2.1}{\376\377\000g\000e\000t\000D\000a\000t\000a}{subsection.3.12.2}
\BOOKMARK [3][-]{subsubsection.3.12.2.2}{\376\377\000g\000e\000t\000D\000a\000t\000a}{subsection.3.12.2}
\BOOKMARK [3][-]{subsubsection.3.12.2.3}{\376\377\000g\000e\000t\000D\000a\000t\000a\000L\000e\000n\000g\000t\000h}{subsection.3.12.2}
\BOOKMARK [3][-]{subsubsection.3.12.2.4}{\376\377\000g\000e\000t\000D\000a\000t\000a\000O\000f\000f\000s\000e\000t}{subsection.3.12.2}
\BOOKMARK [1][-]{section.3.13}{\376\377\000R\000x\000I\000o\000S\000a\000m\000p\000l\000e\000B\000a\000s\000e\000R\000e\000s\000p\000o\000n\000s\000e\000\040\000C\000l\000a\000s\000s\000\040\000R\000e\000f\000e\000r\000e\000n\000c\000e}{chapter.3}
\BOOKMARK [2][-]{subsection.3.13.1}{\376\377\000D\000e\000t\000a\000i\000l\000e\000d\000\040\000D\000e\000s\000c\000r\000i\000p\000t\000i\000o\000n}{section.3.13}
\BOOKMARK [2][-]{subsection.3.13.2}{\376\377\000M\000e\000m\000b\000e\000r\000\040\000F\000u\000n\000c\000t\000i\000o\000n\000\040\000D\000o\000c\000u\000m\000e\000n\000t\000a\000t\000i\000o\000n}{section.3.13}
\BOOKMARK [3][-]{subsubsection.3.13.2.1}{\376\377\000g\000e\000t\000A\000n\000a\000l\000o\000g}{subsection.3.13.2}
\BOOKMARK [3][-]{subsubsection.3.13.2.2}{\376\377\000g\000e\000t\000S\000a\000m\000p\000l\000e\000S\000i\000z\000e}{subsection.3.13.2}
\BOOKMARK [3][-]{subsubsection.3.13.2.3}{\376\377\000i\000s\000A\000n\000a\000l\000o\000g\000E\000n\000a\000b\000l\000e\000d}{subsection.3.13.2}
\BOOKMARK [3][-]{subsubsection.3.13.2.4}{\376\377\000i\000s\000D\000i\000g\000i\000t\000a\000l\000E\000n\000a\000b\000l\000e\000d}{subsection.3.13.2}
\BOOKMARK [3][-]{subsubsection.3.13.2.5}{\376\377\000i\000s\000D\000i\000g\000i\000t\000a\000l\000O\000n}{subsection.3.13.2}
\BOOKMARK [1][-]{section.3.14}{\376\377\000R\000x\000R\000e\000s\000p\000o\000n\000s\000e\000\040\000C\000l\000a\000s\000s\000\040\000R\000e\000f\000e\000r\000e\000n\000c\000e}{chapter.3}
\BOOKMARK [2][-]{subsection.3.14.1}{\376\377\000D\000e\000t\000a\000i\000l\000e\000d\000\040\000D\000e\000s\000c\000r\000i\000p\000t\000i\000o\000n}{section.3.14}
\BOOKMARK [2][-]{subsection.3.14.2}{\376\377\000M\000e\000m\000b\000e\000r\000\040\000F\000u\000n\000c\000t\000i\000o\000n\000\040\000D\000o\000c\000u\000m\000e\000n\000t\000a\000t\000i\000o\000n}{section.3.14}
\BOOKMARK [3][-]{subsubsection.3.14.2.1}{\376\377\000g\000e\000t\000D\000a\000t\000a\000L\000e\000n\000g\000t\000h}{subsection.3.14.2}
\BOOKMARK [3][-]{subsubsection.3.14.2.2}{\376\377\000g\000e\000t\000D\000a\000t\000a\000O\000f\000f\000s\000e\000t}{subsection.3.14.2}
\BOOKMARK [1][-]{section.3.15}{\376\377\000T\000x\0001\0006\000R\000e\000q\000u\000e\000s\000t\000\040\000C\000l\000a\000s\000s\000\040\000R\000e\000f\000e\000r\000e\000n\000c\000e}{chapter.3}
\BOOKMARK [2][-]{subsection.3.15.1}{\376\377\000D\000e\000t\000a\000i\000l\000e\000d\000\040\000D\000e\000s\000c\000r\000i\000p\000t\000i\000o\000n}{section.3.15}
\BOOKMARK [2][-]{subsection.3.15.2}{\376\377\000C\000o\000n\000s\000t\000r\000u\000c\000t\000o\000r\000\040\000\046\000\040\000D\000e\000s\000t\000r\000u\000c\000t\000o\000r\000\040\000D\000o\000c\000u\000m\000e\000n\000t\000a\000t\000i\000o\000n}{section.3.15}
\BOOKMARK [3][-]{subsubsection.3.15.2.1}{\376\377\000T\000x\0001\0006\000R\000e\000q\000u\000e\000s\000t}{subsection.3.15.2}
\BOOKMARK [3][-]{subsubsection.3.15.2.2}{\376\377\000T\000x\0001\0006\000R\000e\000q\000u\000e\000s\000t}{subsection.3.15.2}
\BOOKMARK [2][-]{subsection.3.15.3}{\376\377\000M\000e\000m\000b\000e\000r\000\040\000F\000u\000n\000c\000t\000i\000o\000n\000\040\000D\000o\000c\000u\000m\000e\000n\000t\000a\000t\000i\000o\000n}{section.3.15}
\BOOKMARK [3][-]{subsubsection.3.15.3.1}{\376\377\000g\000e\000t\000F\000r\000a\000m\000e\000D\000a\000t\000a}{subsection.3.15.3}
\BOOKMARK [3][-]{subsubsection.3.15.3.2}{\376\377\000g\000e\000t\000F\000r\000a\000m\000e\000D\000a\000t\000a\000L\000e\000n\000g\000t\000h}{subsection.3.15.3}
\BOOKMARK [1][-]{section.3.16}{\376\377\000T\000x\0006\0004\000R\000e\000q\000u\000e\000s\000t\000\040\000C\000l\000a\000s\000s\000\040\000R\000e\000f\000e\000r\000e\000n\000c\000e}{chapter.3}
\BOOKMARK [2][-]{subsection.3.16.1}{\376\377\000D\000e\000t\000a\000i\000l\000e\000d\000\040\000D\000e\000s\000c\000r\000i\000p\000t\000i\000o\000n}{section.3.16}
\BOOKMARK [2][-]{subsection.3.16.2}{\376\377\000C\000o\000n\000s\000t\000r\000u\000c\000t\000o\000r\000\040\000\046\000\040\000D\000e\000s\000t\000r\000u\000c\000t\000o\000r\000\040\000D\000o\000c\000u\000m\000e\000n\000t\000a\000t\000i\000o\000n}{section.3.16}
\BOOKMARK [3][-]{subsubsection.3.16.2.1}{\376\377\000T\000x\0006\0004\000R\000e\000q\000u\000e\000s\000t}{subsection.3.16.2}
\BOOKMARK [3][-]{subsubsection.3.16.2.2}{\376\377\000T\000x\0006\0004\000R\000e\000q\000u\000e\000s\000t}{subsection.3.16.2}
\BOOKMARK [2][-]{subsection.3.16.3}{\376\377\000M\000e\000m\000b\000e\000r\000\040\000F\000u\000n\000c\000t\000i\000o\000n\000\040\000D\000o\000c\000u\000m\000e\000n\000t\000a\000t\000i\000o\000n}{section.3.16}
\BOOKMARK [3][-]{subsubsection.3.16.3.1}{\376\377\000g\000e\000t\000F\000r\000a\000m\000e\000D\000a\000t\000a}{subsection.3.16.3}
\BOOKMARK [3][-]{subsubsection.3.16.3.2}{\376\377\000g\000e\000t\000F\000r\000a\000m\000e\000D\000a\000t\000a\000L\000e\000n\000g\000t\000h}{subsection.3.16.3}
\BOOKMARK [1][-]{section.3.17}{\376\377\000T\000x\000S\000t\000a\000t\000u\000s\000R\000e\000s\000p\000o\000n\000s\000e\000\040\000C\000l\000a\000s\000s\000\040\000R\000e\000f\000e\000r\000e\000n\000c\000e}{chapter.3}
\BOOKMARK [2][-]{subsection.3.17.1}{\376\377\000D\000e\000t\000a\000i\000l\000e\000d\000\040\000D\000e\000s\000c\000r\000i\000p\000t\000i\000o\000n}{section.3.17}
\BOOKMARK [1][-]{section.3.18}{\376\377\000X\000B\000e\000e\000\040\000C\000l\000a\000s\000s\000\040\000R\000e\000f\000e\000r\000e\000n\000c\000e}{chapter.3}
\BOOKMARK [2][-]{subsection.3.18.1}{\376\377\000D\000e\000t\000a\000i\000l\000e\000d\000\040\000D\000e\000s\000c\000r\000i\000p\000t\000i\000o\000n}{section.3.18}
\BOOKMARK [2][-]{subsection.3.18.2}{\376\377\000M\000e\000m\000b\000e\000r\000\040\000F\000u\000n\000c\000t\000i\000o\000n\000\040\000D\000o\000c\000u\000m\000e\000n\000t\000a\000t\000i\000o\000n}{section.3.18}
\BOOKMARK [3][-]{subsubsection.3.18.2.1}{\376\377\000b\000e\000g\000i\000n}{subsection.3.18.2}
\BOOKMARK [3][-]{subsubsection.3.18.2.2}{\376\377\000g\000e\000t\000N\000e\000x\000t\000F\000r\000a\000m\000e\000I\000d}{subsection.3.18.2}
\BOOKMARK [3][-]{subsubsection.3.18.2.3}{\376\377\000g\000e\000t\000R\000e\000s\000p\000o\000n\000s\000e}{subsection.3.18.2}
\BOOKMARK [3][-]{subsubsection.3.18.2.4}{\376\377\000r\000e\000a\000d\000P\000a\000c\000k\000e\000t}{subsection.3.18.2}
\BOOKMARK [3][-]{subsubsection.3.18.2.5}{\376\377\000r\000e\000a\000d\000P\000a\000c\000k\000e\000t}{subsection.3.18.2}
\BOOKMARK [3][-]{subsubsection.3.18.2.6}{\376\377\000r\000e\000a\000d\000P\000a\000c\000k\000e\000t\000U\000n\000t\000i\000l\000A\000v\000a\000i\000l\000a\000b\000l\000e}{subsection.3.18.2}
\BOOKMARK [3][-]{subsubsection.3.18.2.7}{\376\377\000s\000e\000n\000d}{subsection.3.18.2}
\BOOKMARK [3][-]{subsubsection.3.18.2.8}{\376\377\000s\000e\000t\000S\000e\000r\000i\000a\000l}{subsection.3.18.2}
\BOOKMARK [1][-]{section.3.19}{\376\377\000X\000B\000e\000e\000A\000d\000d\000r\000e\000s\000s\000\040\000C\000l\000a\000s\000s\000\040\000R\000e\000f\000e\000r\000e\000n\000c\000e}{chapter.3}
\BOOKMARK [1][-]{section.3.20}{\376\377\000X\000B\000e\000e\000A\000d\000d\000r\000e\000s\000s\0006\0004\000\040\000C\000l\000a\000s\000s\000\040\000R\000e\000f\000e\000r\000e\000n\000c\000e}{chapter.3}
\BOOKMARK [2][-]{subsection.3.20.1}{\376\377\000D\000e\000t\000a\000i\000l\000e\000d\000\040\000D\000e\000s\000c\000r\000i\000p\000t\000i\000o\000n}{section.3.20}
\BOOKMARK [1][-]{section.3.21}{\376\377\000X\000B\000e\000e\000R\000e\000q\000u\000e\000s\000t\000\040\000C\000l\000a\000s\000s\000\040\000R\000e\000f\000e\000r\000e\000n\000c\000e}{chapter.3}
\BOOKMARK [2][-]{subsection.3.21.1}{\376\377\000D\000e\000t\000a\000i\000l\000e\000d\000\040\000D\000e\000s\000c\000r\000i\000p\000t\000i\000o\000n}{section.3.21}
\BOOKMARK [2][-]{subsection.3.21.2}{\376\377\000C\000o\000n\000s\000t\000r\000u\000c\000t\000o\000r\000\040\000\046\000\040\000D\000e\000s\000t\000r\000u\000c\000t\000o\000r\000\040\000D\000o\000c\000u\000m\000e\000n\000t\000a\000t\000i\000o\000n}{section.3.21}
\BOOKMARK [3][-]{subsubsection.3.21.2.1}{\376\377\000X\000B\000e\000e\000R\000e\000q\000u\000e\000s\000t}{subsection.3.21.2}
\BOOKMARK [2][-]{subsection.3.21.3}{\376\377\000M\000e\000m\000b\000e\000r\000\040\000F\000u\000n\000c\000t\000i\000o\000n\000\040\000D\000o\000c\000u\000m\000e\000n\000t\000a\000t\000i\000o\000n}{section.3.21}
\BOOKMARK [3][-]{subsubsection.3.21.3.1}{\376\377\000g\000e\000t\000A\000p\000i\000I\000d}{subsection.3.21.3}
\BOOKMARK [3][-]{subsubsection.3.21.3.2}{\376\377\000g\000e\000t\000F\000r\000a\000m\000e\000D\000a\000t\000a}{subsection.3.21.3}
\BOOKMARK [3][-]{subsubsection.3.21.3.3}{\376\377\000g\000e\000t\000F\000r\000a\000m\000e\000D\000a\000t\000a\000L\000e\000n\000g\000t\000h}{subsection.3.21.3}
\BOOKMARK [3][-]{subsubsection.3.21.3.4}{\376\377\000g\000e\000t\000F\000r\000a\000m\000e\000I\000d}{subsection.3.21.3}
\BOOKMARK [3][-]{subsubsection.3.21.3.5}{\376\377\000s\000e\000t\000F\000r\000a\000m\000e\000I\000d}{subsection.3.21.3}
\BOOKMARK [1][-]{section.3.22}{\376\377\000X\000B\000e\000e\000R\000e\000s\000p\000o\000n\000s\000e\000\040\000C\000l\000a\000s\000s\000\040\000R\000e\000f\000e\000r\000e\000n\000c\000e}{chapter.3}
\BOOKMARK [2][-]{subsection.3.22.1}{\376\377\000D\000e\000t\000a\000i\000l\000e\000d\000\040\000D\000e\000s\000c\000r\000i\000p\000t\000i\000o\000n}{section.3.22}
\BOOKMARK [2][-]{subsection.3.22.2}{\376\377\000C\000o\000n\000s\000t\000r\000u\000c\000t\000o\000r\000\040\000\046\000\040\000D\000e\000s\000t\000r\000u\000c\000t\000o\000r\000\040\000D\000o\000c\000u\000m\000e\000n\000t\000a\000t\000i\000o\000n}{section.3.22}
\BOOKMARK [3][-]{subsubsection.3.22.2.1}{\376\377\000X\000B\000e\000e\000R\000e\000s\000p\000o\000n\000s\000e}{subsection.3.22.2}
\BOOKMARK [2][-]{subsection.3.22.3}{\376\377\000M\000e\000m\000b\000e\000r\000\040\000F\000u\000n\000c\000t\000i\000o\000n\000\040\000D\000o\000c\000u\000m\000e\000n\000t\000a\000t\000i\000o\000n}{section.3.22}
\BOOKMARK [3][-]{subsubsection.3.22.3.1}{\376\377\000g\000e\000t\000A\000p\000i\000I\000d}{subsection.3.22.3}
\BOOKMARK [3][-]{subsubsection.3.22.3.2}{\376\377\000g\000e\000t\000A\000t\000C\000o\000m\000m\000a\000n\000d\000R\000e\000s\000p\000o\000n\000s\000e}{subsection.3.22.3}
\BOOKMARK [3][-]{subsubsection.3.22.3.3}{\376\377\000g\000e\000t\000C\000h\000e\000c\000k\000s\000u\000m}{subsection.3.22.3}
\BOOKMARK [3][-]{subsubsection.3.22.3.4}{\376\377\000g\000e\000t\000E\000r\000r\000o\000r\000C\000o\000d\000e}{subsection.3.22.3}
\BOOKMARK [3][-]{subsubsection.3.22.3.5}{\376\377\000g\000e\000t\000F\000r\000a\000m\000e\000D\000a\000t\000a}{subsection.3.22.3}
\BOOKMARK [3][-]{subsubsection.3.22.3.6}{\376\377\000g\000e\000t\000F\000r\000a\000m\000e\000D\000a\000t\000a\000L\000e\000n\000g\000t\000h}{subsection.3.22.3}
\BOOKMARK [3][-]{subsubsection.3.22.3.7}{\376\377\000g\000e\000t\000L\000s\000b\000L\000e\000n\000g\000t\000h}{subsection.3.22.3}
\BOOKMARK [3][-]{subsubsection.3.22.3.8}{\376\377\000g\000e\000t\000M\000o\000d\000e\000m\000S\000t\000a\000t\000u\000s\000R\000e\000s\000p\000o\000n\000s\000e}{subsection.3.22.3}
\BOOKMARK [3][-]{subsubsection.3.22.3.9}{\376\377\000g\000e\000t\000M\000s\000b\000L\000e\000n\000g\000t\000h}{subsection.3.22.3}
\BOOKMARK [3][-]{subsubsection.3.22.3.10}{\376\377\000g\000e\000t\000P\000a\000c\000k\000e\000t\000L\000e\000n\000g\000t\000h}{subsection.3.22.3}
\BOOKMARK [3][-]{subsubsection.3.22.3.11}{\376\377\000g\000e\000t\000R\000e\000m\000o\000t\000e\000A\000t\000C\000o\000m\000m\000a\000n\000d\000R\000e\000s\000p\000o\000n\000s\000e}{subsection.3.22.3}
\BOOKMARK [3][-]{subsubsection.3.22.3.12}{\376\377\000g\000e\000t\000R\000x\0001\0006\000I\000o\000S\000a\000m\000p\000l\000e\000R\000e\000s\000p\000o\000n\000s\000e}{subsection.3.22.3}
\BOOKMARK [3][-]{subsubsection.3.22.3.13}{\376\377\000g\000e\000t\000R\000x\0001\0006\000R\000e\000s\000p\000o\000n\000s\000e}{subsection.3.22.3}
\BOOKMARK [3][-]{subsubsection.3.22.3.14}{\376\377\000g\000e\000t\000R\000x\0006\0004\000I\000o\000S\000a\000m\000p\000l\000e\000R\000e\000s\000p\000o\000n\000s\000e}{subsection.3.22.3}
\BOOKMARK [3][-]{subsubsection.3.22.3.15}{\376\377\000g\000e\000t\000R\000x\0006\0004\000R\000e\000s\000p\000o\000n\000s\000e}{subsection.3.22.3}
\BOOKMARK [3][-]{subsubsection.3.22.3.16}{\376\377\000g\000e\000t\000T\000x\000S\000t\000a\000t\000u\000s\000R\000e\000s\000p\000o\000n\000s\000e}{subsection.3.22.3}
\BOOKMARK [3][-]{subsubsection.3.22.3.17}{\376\377\000g\000e\000t\000Z\000B\000R\000x\000I\000o\000S\000a\000m\000p\000l\000e\000R\000e\000s\000p\000o\000n\000s\000e}{subsection.3.22.3}
\BOOKMARK [3][-]{subsubsection.3.22.3.18}{\376\377\000g\000e\000t\000Z\000B\000R\000x\000R\000e\000s\000p\000o\000n\000s\000e}{subsection.3.22.3}
\BOOKMARK [3][-]{subsubsection.3.22.3.19}{\376\377\000g\000e\000t\000Z\000B\000T\000x\000S\000t\000a\000t\000u\000s\000R\000e\000s\000p\000o\000n\000s\000e}{subsection.3.22.3}
\BOOKMARK [3][-]{subsubsection.3.22.3.20}{\376\377\000i\000n\000i\000t}{subsection.3.22.3}
\BOOKMARK [3][-]{subsubsection.3.22.3.21}{\376\377\000i\000s\000A\000v\000a\000i\000l\000a\000b\000l\000e}{subsection.3.22.3}
\BOOKMARK [3][-]{subsubsection.3.22.3.22}{\376\377\000i\000s\000E\000r\000r\000o\000r}{subsection.3.22.3}
\BOOKMARK [3][-]{subsubsection.3.22.3.23}{\376\377\000r\000e\000s\000e\000t}{subsection.3.22.3}
\BOOKMARK [1][-]{section.3.23}{\376\377\000Z\000B\000R\000x\000I\000o\000S\000a\000m\000p\000l\000e\000R\000e\000s\000p\000o\000n\000s\000e\000\040\000C\000l\000a\000s\000s\000\040\000R\000e\000f\000e\000r\000e\000n\000c\000e}{chapter.3}
\BOOKMARK [2][-]{subsection.3.23.1}{\376\377\000D\000e\000t\000a\000i\000l\000e\000d\000\040\000D\000e\000s\000c\000r\000i\000p\000t\000i\000o\000n}{section.3.23}
\BOOKMARK [2][-]{subsection.3.23.2}{\376\377\000M\000e\000m\000b\000e\000r\000\040\000F\000u\000n\000c\000t\000i\000o\000n\000\040\000D\000o\000c\000u\000m\000e\000n\000t\000a\000t\000i\000o\000n}{section.3.23}
\BOOKMARK [3][-]{subsubsection.3.23.2.1}{\376\377\000g\000e\000t\000A\000n\000a\000l\000o\000g}{subsection.3.23.2}
\BOOKMARK [3][-]{subsubsection.3.23.2.2}{\376\377\000i\000s\000A\000n\000a\000l\000o\000g\000E\000n\000a\000b\000l\000e\000d}{subsection.3.23.2}
\BOOKMARK [3][-]{subsubsection.3.23.2.3}{\376\377\000i\000s\000D\000i\000g\000i\000t\000a\000l\000E\000n\000a\000b\000l\000e\000d}{subsection.3.23.2}
\BOOKMARK [3][-]{subsubsection.3.23.2.4}{\376\377\000i\000s\000D\000i\000g\000i\000t\000a\000l\000O\000n}{subsection.3.23.2}
\BOOKMARK [1][-]{section.3.24}{\376\377\000Z\000B\000R\000x\000R\000e\000s\000p\000o\000n\000s\000e\000\040\000C\000l\000a\000s\000s\000\040\000R\000e\000f\000e\000r\000e\000n\000c\000e}{chapter.3}
\BOOKMARK [2][-]{subsection.3.24.1}{\376\377\000D\000e\000t\000a\000i\000l\000e\000d\000\040\000D\000e\000s\000c\000r\000i\000p\000t\000i\000o\000n}{section.3.24}
\BOOKMARK [2][-]{subsection.3.24.2}{\376\377\000M\000e\000m\000b\000e\000r\000\040\000F\000u\000n\000c\000t\000i\000o\000n\000\040\000D\000o\000c\000u\000m\000e\000n\000t\000a\000t\000i\000o\000n}{section.3.24}
\BOOKMARK [3][-]{subsubsection.3.24.2.1}{\376\377\000g\000e\000t\000D\000a\000t\000a\000L\000e\000n\000g\000t\000h}{subsection.3.24.2}
\BOOKMARK [3][-]{subsubsection.3.24.2.2}{\376\377\000g\000e\000t\000D\000a\000t\000a\000O\000f\000f\000s\000e\000t}{subsection.3.24.2}
\BOOKMARK [1][-]{section.3.25}{\376\377\000Z\000B\000T\000x\000R\000e\000q\000u\000e\000s\000t\000\040\000C\000l\000a\000s\000s\000\040\000R\000e\000f\000e\000r\000e\000n\000c\000e}{chapter.3}
\BOOKMARK [2][-]{subsection.3.25.1}{\376\377\000D\000e\000t\000a\000i\000l\000e\000d\000\040\000D\000e\000s\000c\000r\000i\000p\000t\000i\000o\000n}{section.3.25}
\BOOKMARK [2][-]{subsection.3.25.2}{\376\377\000C\000o\000n\000s\000t\000r\000u\000c\000t\000o\000r\000\040\000\046\000\040\000D\000e\000s\000t\000r\000u\000c\000t\000o\000r\000\040\000D\000o\000c\000u\000m\000e\000n\000t\000a\000t\000i\000o\000n}{section.3.25}
\BOOKMARK [3][-]{subsubsection.3.25.2.1}{\376\377\000Z\000B\000T\000x\000R\000e\000q\000u\000e\000s\000t}{subsection.3.25.2}
\BOOKMARK [3][-]{subsubsection.3.25.2.2}{\376\377\000Z\000B\000T\000x\000R\000e\000q\000u\000e\000s\000t}{subsection.3.25.2}
\BOOKMARK [2][-]{subsection.3.25.3}{\376\377\000M\000e\000m\000b\000e\000r\000\040\000F\000u\000n\000c\000t\000i\000o\000n\000\040\000D\000o\000c\000u\000m\000e\000n\000t\000a\000t\000i\000o\000n}{section.3.25}
\BOOKMARK [3][-]{subsubsection.3.25.3.1}{\376\377\000g\000e\000t\000F\000r\000a\000m\000e\000D\000a\000t\000a}{subsection.3.25.3}
\BOOKMARK [3][-]{subsubsection.3.25.3.2}{\376\377\000g\000e\000t\000F\000r\000a\000m\000e\000D\000a\000t\000a\000L\000e\000n\000g\000t\000h}{subsection.3.25.3}
\BOOKMARK [1][-]{section.3.26}{\376\377\000Z\000B\000T\000x\000S\000t\000a\000t\000u\000s\000R\000e\000s\000p\000o\000n\000s\000e\000\040\000C\000l\000a\000s\000s\000\040\000R\000e\000f\000e\000r\000e\000n\000c\000e}{chapter.3}
\BOOKMARK [2][-]{subsection.3.26.1}{\376\377\000D\000e\000t\000a\000i\000l\000e\000d\000\040\000D\000e\000s\000c\000r\000i\000p\000t\000i\000o\000n}{section.3.26}
